<?xml version="1.0" encoding="UTF-8"?>
<!-- Generated by org.testng.reporters.JUnitXMLReporter -->
<testsuite hostname="BSC-PF10PQNE" ignored="0" name="Default test" tests="2" failures="0" timestamp="04 Jul 2020 12:51:11 GMT" time="3.549" errors="0">
  <testcase name="verifyCustomerDetailsBasedOnInValidPhoneNumber" time="0.188" classname="org.Rupeek.com.API.GetCustomerInfoByPhoneTestCases"/>
  <testcase name="verifyCustomerDetailsBasedOnValidPhoneNumber" time="0.188" classname="org.Rupeek.com.API.GetCustomerInfoByPhoneTestCases"/>
</testsuite> <!-- Default test -->
