<?xml version="1.0" encoding="UTF-8"?>
<!-- Generated by org.testng.reporters.JUnitXMLReporter -->
<testsuite hostname="BSC-PF10PQNE" ignored="2" name="Test" tests="10" failures="0" timestamp="04 Jul 2020 12:51:59 GMT" time="4.344" errors="0">
  <testcase name="checkInValidCustomerDetails" time="0.01" classname="org.Rupeek.com.API.CustomerInfoTestCases"/>
  <testcase name="performGetRequestToFetchCustomerDeatilsWithInvalidToken" time="0.17" classname="org.Rupeek.com.API.CustomerInfoTestCases"/>
  <testcase name="verifyFirstNameLastNameAndCareerContainsOnlyAlphabets" time="0.003" classname="org.Rupeek.com.API.CustomerInfoTestCases"/>
  <testcase name="verifyPhoneNumberConatinsOnlyDigits" time="0.002" classname="org.Rupeek.com.API.CustomerInfoTestCases"/>
  <testcase name="performGetRequestToFetchCustomerDeatilsWithEmptyToken" time="0.113" classname="org.Rupeek.com.API.CustomerInfoTestCases"/>
  <testcase name="verifyValidCustomerDetails" time="0.001" classname="org.Rupeek.com.API.CustomerInfoTestCases"/>
  <testcase name="verifyInvalidAuthentication" time="0.66" classname="org.Rupeek.com.API.AuthTestCases"/>
  <testcase name="verifyValidAuthentication" time="0.188" classname="org.Rupeek.com.API.AuthTestCases"/>
  <testcase name="verifyCustomerDetailsBasedOnInValidPhoneNumber" time="0.049" classname="org.Rupeek.com.API.GetCustomerInfoByPhoneTestCases"/>
  <testcase name="verifyCustomerDetailsBasedOnValidPhoneNumber" time="0.066" classname="org.Rupeek.com.API.GetCustomerInfoByPhoneTestCases"/>
  <testcase name="@BeforeTest verifyAuthenticationAndGetAuthToken" time="0.0" classname="org.Rupeek.com.API.BasePage">
    <ignored/>
  </testcase> <!-- @BeforeTest verifyAuthenticationAndGetAuthToken -->
  <testcase name="@BeforeTest verifyAuthenticationAndGetAuthToken" time="0.0" classname="org.Rupeek.com.API.BasePage">
    <ignored/>
  </testcase> <!-- @BeforeTest verifyAuthenticationAndGetAuthToken -->
</testsuite> <!-- Test -->
