<?xml version="1.0" encoding="UTF-8"?>
<testng-results skipped="0" failed="0" ignored="0" total="1" passed="1">
  <reporter-output>
  </reporter-output>
  <suite name="Default suite" duration-ms="4105" started-at="2020-07-04T08:58:45Z" finished-at="2020-07-04T08:58:49Z">
    <groups>
    </groups>
    <test name="Default test" duration-ms="4105" started-at="2020-07-04T08:58:45Z" finished-at="2020-07-04T08:58:49Z">
      <class name="org.Rupeek.com.API.AuthTestCases">
        <test-method status="PASS" signature="verifyAuthenticationAndGetAuthToken()[pri:0, instance:org.Rupeek.com.API.AuthTestCases@5442a311]" name="verifyAuthenticationAndGetAuthToken" is-config="true" duration-ms="3262" started-at="2020-07-04T08:58:45Z" finished-at="2020-07-04T08:58:48Z">
          <reporter-output>
          </reporter-output>
        </test-method> <!-- verifyAuthenticationAndGetAuthToken -->
        <test-method status="PASS" signature="verifyInvalidAuthenticationAndGetAuthToken()[pri:0, instance:org.Rupeek.com.API.AuthTestCases@5442a311]" name="verifyInvalidAuthenticationAndGetAuthToken" duration-ms="807" started-at="2020-07-04T08:58:48Z" finished-at="2020-07-04T08:58:49Z">
          <reporter-output>
          </reporter-output>
        </test-method> <!-- verifyInvalidAuthenticationAndGetAuthToken -->
      </class> <!-- org.Rupeek.com.API.AuthTestCases -->
    </test> <!-- Default test -->
  </suite> <!-- Default suite -->
</testng-results>
